2024-10-09T19:17:03.969+05:30  INFO 12796 --- [app] [restartedMain] com.microservices.app.AppApplication     : Starting AppApplication using Java 21.0.3 with PID 12796 (C:\Users\hp\git\ecomm-microservice\app\target\classes started by Vishnu in C:\Users\hp\git\ecomm-microservice\app)
2024-10-09T19:17:03.969+05:30  INFO 12796 --- [app] [restartedMain] com.microservices.app.AppApplication     : No active profile set, falling back to 1 default profile: "default"
2024-10-09T19:17:04.218+05:30  INFO 12796 --- [app] [restartedMain] o.s.cloud.context.scope.GenericScope     : BeanFactory id=4c18209e-fa71-311a-9ed8-1e112e87b844
2024-10-09T19:17:04.225+05:30  WARN 12796 --- [app] [restartedMain] trationDelegate$BeanPostProcessorChecker : Bean 'org.springframework.cloud.client.loadbalancer.LoadBalancerAutoConfiguration$DeferringLoadBalancerInterceptorConfig' of type [org.springframework.cloud.client.loadbalancer.LoadBalancerAutoConfiguration$DeferringLoadBalancerInterceptorConfig] is not eligible for getting processed by all BeanPostProcessors (for example: not eligible for auto-proxying). The currently created BeanPostProcessor [lbRestClientPostProcessor] is declared through a non-static factory method on that class; consider declaring it as static instead.
2024-10-09T19:17:04.228+05:30  WARN 12796 --- [app] [restartedMain] trationDelegate$BeanPostProcessorChecker : Bean 'deferringLoadBalancerInterceptor' of type [org.springframework.cloud.client.loadbalancer.DeferringLoadBalancerInterceptor] is not eligible for getting processed by all BeanPostProcessors (for example: not eligible for auto-proxying). Is this bean getting eagerly injected into a currently created BeanPostProcessor [lbRestClientPostProcessor]? Check the corresponding BeanPostProcessor declaration and its dependencies.
2024-10-09T19:17:04.283+05:30  INFO 12796 --- [app] [restartedMain] o.s.b.w.embedded.tomcat.TomcatWebServer  : Tomcat initialized with port 8080 (http)
2024-10-09T19:17:04.285+05:30  INFO 12796 --- [app] [restartedMain] o.apache.catalina.core.StandardService   : Starting service [Tomcat]
2024-10-09T19:17:04.285+05:30  INFO 12796 --- [app] [restartedMain] o.apache.catalina.core.StandardEngine    : Starting Servlet engine: [Apache Tomcat/10.1.30]
2024-10-09T19:17:04.428+05:30  INFO 12796 --- [app] [restartedMain] org.apache.jasper.servlet.TldScanner     : At least one JAR was scanned for TLDs yet contained no TLDs. Enable debug logging for this logger for a complete list of JARs that were scanned but no TLDs were found in them. Skipping unneeded JARs during scanning can improve startup time and JSP compilation time.
2024-10-09T19:17:04.433+05:30  INFO 12796 --- [app] [restartedMain] o.a.c.c.C.[Tomcat].[localhost].[/]       : Initializing Spring embedded WebApplicationContext
2024-10-09T19:17:04.433+05:30  INFO 12796 --- [app] [restartedMain] w.s.c.ServletWebServerApplicationContext : Root WebApplicationContext: initialization completed in 461 ms
2024-10-09T19:17:04.509+05:30  INFO 12796 --- [app] [restartedMain] o.s.b.a.w.s.WelcomePageHandlerMapping    : Adding welcome page template: index
2024-10-09T19:17:04.584+05:30  INFO 12796 --- [app] [restartedMain] o.s.b.d.a.OptionalLiveReloadServer       : LiveReload server is running on port 35729
2024-10-09T19:17:04.601+05:30  INFO 12796 --- [app] [restartedMain] DiscoveryClientOptionalArgsConfiguration : Eureka HTTP Client uses RestTemplate.
2024-10-09T19:17:04.616+05:30  WARN 12796 --- [app] [restartedMain] iguration$LoadBalancerCaffeineWarnLogger : Spring Cloud LoadBalancer is currently working with the default cache. While this cache implementation is useful for development and tests, it's recommended to use Caffeine cache in production.You can switch to using Caffeine cache, by adding it and org.springframework.cache.caffeine.CaffeineCacheManager to the classpath.
2024-10-09T19:17:04.640+05:30  INFO 12796 --- [app] [restartedMain] o.s.c.n.eureka.InstanceInfoFactory       : Setting initial instance status as: STARTING
2024-10-09T19:17:04.642+05:30  INFO 12796 --- [app] [restartedMain] com.netflix.discovery.DiscoveryClient    : Initializing Eureka in region us-east-1
2024-10-09T19:17:04.643+05:30  INFO 12796 --- [app] [restartedMain] c.n.d.s.r.aws.ConfigClusterResolver      : Resolving eureka endpoints via configuration
2024-10-09T19:17:04.643+05:30  INFO 12796 --- [app] [restartedMain] com.netflix.discovery.DiscoveryClient    : Disable delta property : false
2024-10-09T19:17:04.643+05:30  INFO 12796 --- [app] [restartedMain] com.netflix.discovery.DiscoveryClient    : Single vip registry refresh property : null
2024-10-09T19:17:04.643+05:30  INFO 12796 --- [app] [restartedMain] com.netflix.discovery.DiscoveryClient    : Force full registry fetch : false
2024-10-09T19:17:04.643+05:30  INFO 12796 --- [app] [restartedMain] com.netflix.discovery.DiscoveryClient    : Application is null : false
2024-10-09T19:17:04.643+05:30  INFO 12796 --- [app] [restartedMain] com.netflix.discovery.DiscoveryClient    : Registered Applications size is zero : true
2024-10-09T19:17:04.643+05:30  INFO 12796 --- [app] [restartedMain] com.netflix.discovery.DiscoveryClient    : Application version is -1: true
2024-10-09T19:17:04.643+05:30  INFO 12796 --- [app] [restartedMain] com.netflix.discovery.DiscoveryClient    : Getting all instance registry info from the eureka server
2024-10-09T19:17:04.677+05:30  INFO 12796 --- [app] [restartedMain] com.netflix.discovery.DiscoveryClient    : The response status is 200
2024-10-09T19:17:04.678+05:30  INFO 12796 --- [app] [restartedMain] com.netflix.discovery.DiscoveryClient    : Starting heartbeat executor: renew interval is: 30
2024-10-09T19:17:04.678+05:30  INFO 12796 --- [app] [restartedMain] c.n.discovery.InstanceInfoReplicator     : InstanceInfoReplicator onDemand update allowed rate per min is 4
2024-10-09T19:17:04.679+05:30  INFO 12796 --- [app] [restartedMain] com.netflix.discovery.DiscoveryClient    : Discovery Client initialized at timestamp 1728481624679 with initial instances count: 4
2024-10-09T19:17:04.680+05:30  INFO 12796 --- [app] [restartedMain] o.s.c.n.e.s.EurekaServiceRegistry        : Registering application APP with eureka with status UP
2024-10-09T19:17:04.680+05:30  INFO 12796 --- [app] [restartedMain] com.netflix.discovery.DiscoveryClient    : Saw local status change event StatusChangeEvent [timestamp=1728481624680, current=UP, previous=STARTING]
2024-10-09T19:17:04.681+05:30  INFO 12796 --- [app] [DiscoveryClient-InstanceInfoReplicator-%d] com.netflix.discovery.DiscoveryClient    : DiscoveryClient_APP/Vishnuvardhan:app:8080: registering service...
2024-10-09T19:17:04.688+05:30  INFO 12796 --- [app] [restartedMain] o.s.b.w.embedded.tomcat.TomcatWebServer  : Tomcat started on port 8080 (http) with context path '/'
2024-10-09T19:17:04.689+05:30  INFO 12796 --- [app] [restartedMain] .s.c.n.e.s.EurekaAutoServiceRegistration : Updating port to 8080
2024-10-09T19:17:04.697+05:30  INFO 12796 --- [app] [DiscoveryClient-InstanceInfoReplicator-%d] com.netflix.discovery.DiscoveryClient    : DiscoveryClient_APP/Vishnuvardhan:app:8080 - registration status: 204
2024-10-09T19:17:04.701+05:30  INFO 12796 --- [app] [restartedMain] com.microservices.app.AppApplication     : Started AppApplication in 0.788 seconds (process running for 1967.18)
2024-10-09T19:17:04.702+05:30  INFO 12796 --- [app] [restartedMain] .ConditionEvaluationDeltaLoggingListener : Condition evaluation unchanged
2024-10-09T19:17:35.484+05:30  INFO 12796 --- [app] [File Watcher] rtingClassPathChangeChangedEventListener : Restarting due to 2 class path changes (0 additions, 0 deletions, 2 modifications)
2024-10-09T19:17:35.486+05:30  INFO 12796 --- [app] [Thread-27] o.s.c.n.e.s.EurekaServiceRegistry        : Unregistering application APP with eureka with status DOWN
2024-10-09T19:17:35.486+05:30  INFO 12796 --- [app] [Thread-27] com.netflix.discovery.DiscoveryClient    : Saw local status change event StatusChangeEvent [timestamp=1728481655486, current=DOWN, previous=UP]
2024-10-09T19:17:35.486+05:30  INFO 12796 --- [app] [DiscoveryClient-InstanceInfoReplicator-%d] com.netflix.discovery.DiscoveryClient    : DiscoveryClient_APP/Vishnuvardhan:app:8080: registering service...
2024-10-09T19:17:35.491+05:30  INFO 12796 --- [app] [DiscoveryClient-InstanceInfoReplicator-%d] com.netflix.discovery.DiscoveryClient    : DiscoveryClient_APP/Vishnuvardhan:app:8080 - registration status: 204
2024-10-09T19:17:35.499+05:30  INFO 12796 --- [app] [Thread-27] com.netflix.discovery.DiscoveryClient    : Shutting down DiscoveryClient ...
2024-10-09T19:17:38.500+05:30  INFO 12796 --- [app] [Thread-27] com.netflix.discovery.DiscoveryClient    : Unregistering ...
2024-10-09T19:17:38.508+05:30  INFO 12796 --- [app] [Thread-27] com.netflix.discovery.DiscoveryClient    : DiscoveryClient_APP/Vishnuvardhan:app:8080 - deregister  status: 200
2024-10-09T19:17:38.508+05:30  INFO 12796 --- [app] [Thread-27] com.netflix.discovery.DiscoveryClient    : Completed shut down of DiscoveryClient
2024-10-09T19:17:38.621+05:30  INFO 12796 --- [app] [restartedMain] com.microservices.app.AppApplication     : Starting AppApplication using Java 21.0.3 with PID 12796 (C:\Users\hp\git\ecomm-microservice\app\target\classes started by Vishnu in C:\Users\hp\git\ecomm-microservice\app)
2024-10-09T19:17:38.622+05:30  INFO 12796 --- [app] [restartedMain] com.microservices.app.AppApplication     : No active profile set, falling back to 1 default profile: "default"
2024-10-09T19:17:38.842+05:30  INFO 12796 --- [app] [restartedMain] o.s.cloud.context.scope.GenericScope     : BeanFactory id=4c18209e-fa71-311a-9ed8-1e112e87b844
2024-10-09T19:17:38.847+05:30  WARN 12796 --- [app] [restartedMain] trationDelegate$BeanPostProcessorChecker : Bean 'org.springframework.cloud.client.loadbalancer.LoadBalancerAutoConfiguration$DeferringLoadBalancerInterceptorConfig' of type [org.springframework.cloud.client.loadbalancer.LoadBalancerAutoConfiguration$DeferringLoadBalancerInterceptorConfig] is not eligible for getting processed by all BeanPostProcessors (for example: not eligible for auto-proxying). The currently created BeanPostProcessor [lbRestClientPostProcessor] is declared through a non-static factory method on that class; consider declaring it as static instead.
2024-10-09T19:17:38.847+05:30  WARN 12796 --- [app] [restartedMain] trationDelegate$BeanPostProcessorChecker : Bean 'deferringLoadBalancerInterceptor' of type [org.springframework.cloud.client.loadbalancer.DeferringLoadBalancerInterceptor] is not eligible for getting processed by all BeanPostProcessors (for example: not eligible for auto-proxying). Is this bean getting eagerly injected into a currently created BeanPostProcessor [lbRestClientPostProcessor]? Check the corresponding BeanPostProcessor declaration and its dependencies.
2024-10-09T19:17:38.884+05:30  INFO 12796 --- [app] [restartedMain] o.s.b.w.embedded.tomcat.TomcatWebServer  : Tomcat initialized with port 8080 (http)
2024-10-09T19:17:38.885+05:30  INFO 12796 --- [app] [restartedMain] o.apache.catalina.core.StandardService   : Starting service [Tomcat]
2024-10-09T19:17:38.885+05:30  INFO 12796 --- [app] [restartedMain] o.apache.catalina.core.StandardEngine    : Starting Servlet engine: [Apache Tomcat/10.1.30]
2024-10-09T19:17:39.034+05:30  INFO 12796 --- [app] [restartedMain] org.apache.jasper.servlet.TldScanner     : At least one JAR was scanned for TLDs yet contained no TLDs. Enable debug logging for this logger for a complete list of JARs that were scanned but no TLDs were found in them. Skipping unneeded JARs during scanning can improve startup time and JSP compilation time.
2024-10-09T19:17:39.039+05:30  INFO 12796 --- [app] [restartedMain] o.a.c.c.C.[Tomcat].[localhost].[/]       : Initializing Spring embedded WebApplicationContext
2024-10-09T19:17:39.039+05:30  INFO 12796 --- [app] [restartedMain] w.s.c.ServletWebServerApplicationContext : Root WebApplicationContext: initialization completed in 414 ms
2024-10-09T19:17:39.107+05:30  INFO 12796 --- [app] [restartedMain] o.s.b.a.w.s.WelcomePageHandlerMapping    : Adding welcome page template: index
2024-10-09T19:17:39.161+05:30  INFO 12796 --- [app] [restartedMain] o.s.b.d.a.OptionalLiveReloadServer       : LiveReload server is running on port 35729
2024-10-09T19:17:39.176+05:30  INFO 12796 --- [app] [restartedMain] DiscoveryClientOptionalArgsConfiguration : Eureka HTTP Client uses RestTemplate.
2024-10-09T19:17:39.187+05:30  WARN 12796 --- [app] [restartedMain] iguration$LoadBalancerCaffeineWarnLogger : Spring Cloud LoadBalancer is currently working with the default cache. While this cache implementation is useful for development and tests, it's recommended to use Caffeine cache in production.You can switch to using Caffeine cache, by adding it and org.springframework.cache.caffeine.CaffeineCacheManager to the classpath.
2024-10-09T19:17:39.203+05:30  INFO 12796 --- [app] [restartedMain] o.s.c.n.eureka.InstanceInfoFactory       : Setting initial instance status as: STARTING
2024-10-09T19:17:39.205+05:30  INFO 12796 --- [app] [restartedMain] com.netflix.discovery.DiscoveryClient    : Initializing Eureka in region us-east-1
2024-10-09T19:17:39.205+05:30  INFO 12796 --- [app] [restartedMain] c.n.d.s.r.aws.ConfigClusterResolver      : Resolving eureka endpoints via configuration
2024-10-09T19:17:39.206+05:30  INFO 12796 --- [app] [restartedMain] com.netflix.discovery.DiscoveryClient    : Disable delta property : false
2024-10-09T19:17:39.206+05:30  INFO 12796 --- [app] [restartedMain] com.netflix.discovery.DiscoveryClient    : Single vip registry refresh property : null
2024-10-09T19:17:39.206+05:30  INFO 12796 --- [app] [restartedMain] com.netflix.discovery.DiscoveryClient    : Force full registry fetch : false
2024-10-09T19:17:39.206+05:30  INFO 12796 --- [app] [restartedMain] com.netflix.discovery.DiscoveryClient    : Application is null : false
2024-10-09T19:17:39.206+05:30  INFO 12796 --- [app] [restartedMain] com.netflix.discovery.DiscoveryClient    : Registered Applications size is zero : true
2024-10-09T19:17:39.206+05:30  INFO 12796 --- [app] [restartedMain] com.netflix.discovery.DiscoveryClient    : Application version is -1: true
2024-10-09T19:17:39.206+05:30  INFO 12796 --- [app] [restartedMain] com.netflix.discovery.DiscoveryClient    : Getting all instance registry info from the eureka server
2024-10-09T19:17:39.229+05:30  INFO 12796 --- [app] [restartedMain] com.netflix.discovery.DiscoveryClient    : The response status is 200
2024-10-09T19:17:39.230+05:30  INFO 12796 --- [app] [restartedMain] com.netflix.discovery.DiscoveryClient    : Starting heartbeat executor: renew interval is: 30
2024-10-09T19:17:39.230+05:30  INFO 12796 --- [app] [restartedMain] c.n.discovery.InstanceInfoReplicator     : InstanceInfoReplicator onDemand update allowed rate per min is 4
2024-10-09T19:17:39.230+05:30  INFO 12796 --- [app] [restartedMain] com.netflix.discovery.DiscoveryClient    : Discovery Client initialized at timestamp 1728481659230 with initial instances count: 4
2024-10-09T19:17:39.231+05:30  INFO 12796 --- [app] [restartedMain] o.s.c.n.e.s.EurekaServiceRegistry        : Registering application APP with eureka with status UP
2024-10-09T19:17:39.232+05:30  INFO 12796 --- [app] [restartedMain] com.netflix.discovery.DiscoveryClient    : Saw local status change event StatusChangeEvent [timestamp=1728481659232, current=UP, previous=STARTING]
2024-10-09T19:17:39.232+05:30  INFO 12796 --- [app] [DiscoveryClient-InstanceInfoReplicator-%d] com.netflix.discovery.DiscoveryClient    : DiscoveryClient_APP/Vishnuvardhan:app:8080: registering service...
2024-10-09T19:17:39.241+05:30  INFO 12796 --- [app] [restartedMain] o.s.b.w.embedded.tomcat.TomcatWebServer  : Tomcat started on port 8080 (http) with context path '/'
2024-10-09T19:17:39.242+05:30  INFO 12796 --- [app] [restartedMain] .s.c.n.e.s.EurekaAutoServiceRegistration : Updating port to 8080
2024-10-09T19:17:39.248+05:30  INFO 12796 --- [app] [DiscoveryClient-InstanceInfoReplicator-%d] com.netflix.discovery.DiscoveryClient    : DiscoveryClient_APP/Vishnuvardhan:app:8080 - registration status: 204
2024-10-09T19:17:39.252+05:30  INFO 12796 --- [app] [restartedMain] com.microservices.app.AppApplication     : Started AppApplication in 0.686 seconds (process running for 2001.731)
2024-10-09T19:17:39.253+05:30  INFO 12796 --- [app] [restartedMain] .ConditionEvaluationDeltaLoggingListener : Condition evaluation unchanged
2024-10-09T19:17:41.189+05:30  INFO 12796 --- [app] [http-nio-8080-exec-1] o.a.c.c.C.[Tomcat].[localhost].[/]       : Initializing Spring DispatcherServlet 'dispatcherServlet'
2024-10-09T19:17:41.189+05:30  INFO 12796 --- [app] [http-nio-8080-exec-1] o.s.web.servlet.DispatcherServlet        : Initializing Servlet 'dispatcherServlet'
2024-10-09T19:17:41.191+05:30  INFO 12796 --- [app] [http-nio-8080-exec-1] o.s.web.servlet.DispatcherServlet        : Completed initialization in 2 ms
2024-10-09T19:17:58.651+05:30  INFO 12796 --- [app] [http-nio-8080-exec-7] c.m.app.service.impl.LoginServiceImpl    : Authenticating user with email: vishnukumpati@gmail.com
2024-10-09T19:17:58.800+05:30  INFO 12796 --- [app] [http-nio-8080-exec-9] c.m.app.filter.ProtectedRequestFilter    : org.apache.catalina.session.StandardSessionFacade@5e1391e GET /retailerDash
2024-10-09T19:17:58.800+05:30  INFO 12796 --- [app] [http-nio-8080-exec-9] c.m.app.filter.ProtectedRequestFilter    : Role RETAILER
