2024-10-08T01:41:51.302+05:30  INFO 38188 --- [product-service] [restartedMain] c.m.p.service.ProductServiceApplication  : Starting ProductServiceApplication using Java 22.0.2 with PID 38188 (C:\Users\Greeshu\git\ecomm-microservice\product-service\target\classes started by Greeshu in C:\Users\Greeshu\git\ecomm-microservice\product-service)
2024-10-08T01:41:51.303+05:30  INFO 38188 --- [product-service] [restartedMain] c.m.p.service.ProductServiceApplication  : No active profile set, falling back to 1 default profile: "default"
2024-10-08T01:41:52.238+05:30  INFO 38188 --- [product-service] [restartedMain] .s.d.r.c.RepositoryConfigurationDelegate : Bootstrapping Spring Data JPA repositories in DEFAULT mode.
2024-10-08T01:41:52.298+05:30  INFO 38188 --- [product-service] [restartedMain] .s.d.r.c.RepositoryConfigurationDelegate : Finished Spring Data repository scanning in 55 ms. Found 5 JPA repository interfaces.
2024-10-08T01:41:52.524+05:30  INFO 38188 --- [product-service] [restartedMain] o.s.cloud.context.scope.GenericScope     : BeanFactory id=aa059e6c-2372-38b4-a7e8-801dc7b6774a
2024-10-08T01:41:52.615+05:30  WARN 38188 --- [product-service] [restartedMain] trationDelegate$BeanPostProcessorChecker : Bean 'org.springframework.cloud.client.loadbalancer.LoadBalancerAutoConfiguration$DeferringLoadBalancerInterceptorConfig' of type [org.springframework.cloud.client.loadbalancer.LoadBalancerAutoConfiguration$DeferringLoadBalancerInterceptorConfig] is not eligible for getting processed by all BeanPostProcessors (for example: not eligible for auto-proxying). The currently created BeanPostProcessor [lbRestClientPostProcessor] is declared through a non-static factory method on that class; consider declaring it as static instead.
2024-10-08T01:41:52.619+05:30  WARN 38188 --- [product-service] [restartedMain] trationDelegate$BeanPostProcessorChecker : Bean 'deferringLoadBalancerInterceptor' of type [org.springframework.cloud.client.loadbalancer.DeferringLoadBalancerInterceptor] is not eligible for getting processed by all BeanPostProcessors (for example: not eligible for auto-proxying). Is this bean getting eagerly injected into a currently created BeanPostProcessor [lbRestClientPostProcessor]? Check the corresponding BeanPostProcessor declaration and its dependencies.
2024-10-08T01:41:52.827+05:30  INFO 38188 --- [product-service] [restartedMain] o.s.b.w.embedded.tomcat.TomcatWebServer  : Tomcat initialized with port 8083 (http)
2024-10-08T01:41:52.829+05:30  INFO 38188 --- [product-service] [restartedMain] o.apache.catalina.core.StandardService   : Starting service [Tomcat]
2024-10-08T01:41:52.830+05:30  INFO 38188 --- [product-service] [restartedMain] o.apache.catalina.core.StandardEngine    : Starting Servlet engine: [Apache Tomcat/10.1.28]
2024-10-08T01:41:52.909+05:30  INFO 38188 --- [product-service] [restartedMain] o.a.c.c.C.[Tomcat].[localhost].[/]       : Initializing Spring embedded WebApplicationContext
2024-10-08T01:41:52.910+05:30  INFO 38188 --- [product-service] [restartedMain] w.s.c.ServletWebServerApplicationContext : Root WebApplicationContext: initialization completed in 1602 ms
2024-10-08T01:41:53.159+05:30  INFO 38188 --- [product-service] [restartedMain] o.hibernate.jpa.internal.util.LogHelper  : HHH000204: Processing PersistenceUnitInfo [name: default]
2024-10-08T01:41:53.167+05:30  INFO 38188 --- [product-service] [restartedMain] o.h.c.internal.RegionFactoryInitiator    : HHH000026: Second-level cache disabled
2024-10-08T01:41:53.192+05:30  INFO 38188 --- [product-service] [restartedMain] o.s.o.j.p.SpringPersistenceUnitInfo      : No LoadTimeWeaver setup: ignoring JPA class transformer
2024-10-08T01:41:53.195+05:30  INFO 38188 --- [product-service] [restartedMain] com.zaxxer.hikari.HikariDataSource       : HikariPool-2 - Starting...
2024-10-08T01:41:53.319+05:30  INFO 38188 --- [product-service] [restartedMain] com.zaxxer.hikari.pool.HikariPool        : HikariPool-2 - Added connection com.mysql.cj.jdbc.ConnectionImpl@79064cc0
2024-10-08T01:41:53.320+05:30  INFO 38188 --- [product-service] [restartedMain] com.zaxxer.hikari.HikariDataSource       : HikariPool-2 - Start completed.
2024-10-08T01:41:53.324+05:30  WARN 38188 --- [product-service] [restartedMain] org.hibernate.orm.deprecation            : HHH90000025: MySQLDialect does not need to be specified explicitly using 'hibernate.dialect' (remove the property setting and it will be selected by default)
2024-10-08T01:41:53.650+05:30  INFO 38188 --- [product-service] [restartedMain] o.h.e.t.j.p.i.JtaPlatformInitiator       : HHH000489: No JTA platform available (set 'hibernate.transaction.jta.platform' to enable JTA platform integration)
2024-10-08T01:41:53.834+05:30  INFO 38188 --- [product-service] [restartedMain] j.LocalContainerEntityManagerFactoryBean : Initialized JPA EntityManagerFactory for persistence unit 'default'
2024-10-08T01:41:54.500+05:30  WARN 38188 --- [product-service] [restartedMain] JpaBaseConfiguration$JpaWebConfiguration : spring.jpa.open-in-view is enabled by default. Therefore, database queries may be performed during view rendering. Explicitly configure spring.jpa.open-in-view to disable this warning
2024-10-08T01:41:55.556+05:30  INFO 38188 --- [product-service] [restartedMain] o.s.b.d.a.OptionalLiveReloadServer       : LiveReload server is running on port 35729
2024-10-08T01:41:55.605+05:30  INFO 38188 --- [product-service] [restartedMain] DiscoveryClientOptionalArgsConfiguration : Eureka HTTP Client uses RestTemplate.
2024-10-08T01:41:55.681+05:30  WARN 38188 --- [product-service] [restartedMain] iguration$LoadBalancerCaffeineWarnLogger : Spring Cloud LoadBalancer is currently working with the default cache. While this cache implementation is useful for development and tests, it's recommended to use Caffeine cache in production.You can switch to using Caffeine cache, by adding it and org.springframework.cache.caffeine.CaffeineCacheManager to the classpath.
2024-10-08T01:41:55.692+05:30  INFO 38188 --- [product-service] [restartedMain] o.s.b.a.e.web.EndpointLinksResolver      : Exposing 2 endpoints beneath base path '/actuator'
2024-10-08T01:41:55.749+05:30  INFO 38188 --- [product-service] [restartedMain] o.s.c.n.eureka.InstanceInfoFactory       : Setting initial instance status as: STARTING
2024-10-08T01:41:55.756+05:30  INFO 38188 --- [product-service] [restartedMain] com.netflix.discovery.DiscoveryClient    : Initializing Eureka in region us-east-1
2024-10-08T01:41:55.757+05:30  INFO 38188 --- [product-service] [restartedMain] c.n.d.s.r.aws.ConfigClusterResolver      : Resolving eureka endpoints via configuration
2024-10-08T01:41:55.758+05:30  INFO 38188 --- [product-service] [restartedMain] com.netflix.discovery.DiscoveryClient    : Disable delta property : false
2024-10-08T01:41:55.758+05:30  INFO 38188 --- [product-service] [restartedMain] com.netflix.discovery.DiscoveryClient    : Single vip registry refresh property : null
2024-10-08T01:41:55.758+05:30  INFO 38188 --- [product-service] [restartedMain] com.netflix.discovery.DiscoveryClient    : Force full registry fetch : false
2024-10-08T01:41:55.758+05:30  INFO 38188 --- [product-service] [restartedMain] com.netflix.discovery.DiscoveryClient    : Application is null : false
2024-10-08T01:41:55.759+05:30  INFO 38188 --- [product-service] [restartedMain] com.netflix.discovery.DiscoveryClient    : Registered Applications size is zero : true
2024-10-08T01:41:55.759+05:30  INFO 38188 --- [product-service] [restartedMain] com.netflix.discovery.DiscoveryClient    : Application version is -1: true
2024-10-08T01:41:55.759+05:30  INFO 38188 --- [product-service] [restartedMain] com.netflix.discovery.DiscoveryClient    : Getting all instance registry info from the eureka server
2024-10-08T01:41:55.843+05:30  INFO 38188 --- [product-service] [restartedMain] com.netflix.discovery.DiscoveryClient    : The response status is 200
2024-10-08T01:41:55.845+05:30  INFO 38188 --- [product-service] [restartedMain] com.netflix.discovery.DiscoveryClient    : Starting heartbeat executor: renew interval is: 30
2024-10-08T01:41:55.847+05:30  INFO 38188 --- [product-service] [restartedMain] c.n.discovery.InstanceInfoReplicator     : InstanceInfoReplicator onDemand update allowed rate per min is 4
2024-10-08T01:41:55.848+05:30  INFO 38188 --- [product-service] [restartedMain] com.netflix.discovery.DiscoveryClient    : Discovery Client initialized at timestamp 1728331915848 with initial instances count: 1
2024-10-08T01:41:55.857+05:30  INFO 38188 --- [product-service] [restartedMain] o.s.c.n.e.s.EurekaServiceRegistry        : Registering application PRODUCT-SERVICE with eureka with status UP
2024-10-08T01:41:55.857+05:30  INFO 38188 --- [product-service] [restartedMain] com.netflix.discovery.DiscoveryClient    : Saw local status change event StatusChangeEvent [timestamp=1728331915857, current=UP, previous=STARTING]
2024-10-08T01:41:55.858+05:30  INFO 38188 --- [product-service] [DiscoveryClient-InstanceInfoReplicator-%d] com.netflix.discovery.DiscoveryClient    : DiscoveryClient_PRODUCT-SERVICE/Greeshma.mshome.net:product-service:8083: registering service...
2024-10-08T01:41:55.866+05:30  INFO 38188 --- [product-service] [restartedMain] o.s.b.w.embedded.tomcat.TomcatWebServer  : Tomcat started on port 8083 (http) with context path '/'
2024-10-08T01:41:55.868+05:30  INFO 38188 --- [product-service] [restartedMain] .s.c.n.e.s.EurekaAutoServiceRegistration : Updating port to 8083
2024-10-08T01:41:55.892+05:30  INFO 38188 --- [product-service] [DiscoveryClient-InstanceInfoReplicator-%d] com.netflix.discovery.DiscoveryClient    : DiscoveryClient_PRODUCT-SERVICE/Greeshma.mshome.net:product-service:8083 - registration status: 204
2024-10-08T01:41:55.938+05:30  INFO 38188 --- [product-service] [restartedMain] c.m.p.service.ProductServiceApplication  : Started ProductServiceApplication in 4.74 seconds (process running for 819.284)
2024-10-08T01:41:55.945+05:30  INFO 38188 --- [product-service] [restartedMain] .ConditionEvaluationDeltaLoggingListener : Condition evaluation unchanged
2024-10-08T01:44:08.424+05:30  INFO 38188 --- [product-service] [http-nio-8083-exec-4] o.a.c.c.C.[Tomcat].[localhost].[/]       : Initializing Spring DispatcherServlet 'dispatcherServlet'
2024-10-08T01:44:08.424+05:30  INFO 38188 --- [product-service] [http-nio-8083-exec-4] o.s.web.servlet.DispatcherServlet        : Initializing Servlet 'dispatcherServlet'
2024-10-08T01:44:08.439+05:30  INFO 38188 --- [product-service] [http-nio-8083-exec-4] o.s.web.servlet.DispatcherServlet        : Completed initialization in 15 ms
2024-10-08T01:46:55.776+05:30  INFO 38188 --- [product-service] [AsyncResolver-bootstrap-executor-%d] c.n.d.s.r.aws.ConfigClusterResolver      : Resolving eureka endpoints via configuration
2024-10-08T01:48:08.939+05:30  INFO 38188 --- [product-service] [File Watcher] rtingClassPathChangeChangedEventListener : Restarting due to 1 class path change (0 additions, 0 deletions, 1 modification)
2024-10-08T01:48:08.940+05:30  INFO 38188 --- [product-service] [Thread-9] o.s.c.n.e.s.EurekaServiceRegistry        : Unregistering application PRODUCT-SERVICE with eureka with status DOWN
2024-10-08T01:48:08.940+05:30  INFO 38188 --- [product-service] [Thread-9] com.netflix.discovery.DiscoveryClient    : Saw local status change event StatusChangeEvent [timestamp=1728332288940, current=DOWN, previous=UP]
2024-10-08T01:48:08.941+05:30  INFO 38188 --- [product-service] [DiscoveryClient-InstanceInfoReplicator-%d] com.netflix.discovery.DiscoveryClient    : DiscoveryClient_PRODUCT-SERVICE/Greeshma.mshome.net:product-service:8083: registering service...
2024-10-08T01:48:08.951+05:30  INFO 38188 --- [product-service] [Thread-9] j.LocalContainerEntityManagerFactoryBean : Closing JPA EntityManagerFactory for persistence unit 'default'
2024-10-08T01:48:08.953+05:30  INFO 38188 --- [product-service] [Thread-9] com.zaxxer.hikari.HikariDataSource       : HikariPool-2 - Shutdown initiated...
2024-10-08T01:48:08.954+05:30  INFO 38188 --- [product-service] [DiscoveryClient-InstanceInfoReplicator-%d] com.netflix.discovery.DiscoveryClient    : DiscoveryClient_PRODUCT-SERVICE/Greeshma.mshome.net:product-service:8083 - registration status: 204
2024-10-08T01:48:08.971+05:30  INFO 38188 --- [product-service] [Thread-9] com.zaxxer.hikari.HikariDataSource       : HikariPool-2 - Shutdown completed.
2024-10-08T01:48:08.972+05:30  INFO 38188 --- [product-service] [Thread-9] com.netflix.discovery.DiscoveryClient    : Shutting down DiscoveryClient ...
2024-10-08T01:48:11.973+05:30  INFO 38188 --- [product-service] [Thread-9] com.netflix.discovery.DiscoveryClient    : Unregistering ...
2024-10-08T01:48:11.987+05:30  INFO 38188 --- [product-service] [Thread-9] com.netflix.discovery.DiscoveryClient    : DiscoveryClient_PRODUCT-SERVICE/Greeshma.mshome.net:product-service:8083 - deregister  status: 200
2024-10-08T01:48:11.988+05:30  INFO 38188 --- [product-service] [Thread-9] com.netflix.discovery.DiscoveryClient    : Completed shut down of DiscoveryClient
